0 info it worked if it ends with ok
1 verbose cli [ 'c:\\Program Files\\nodejs\\node.exe',
1 verbose cli   'c:\\Program Files\\nodejs\\node_modules\\npm\\bin\\npm-cli.js',
1 verbose cli   'start' ]
2 info using npm@2.5.1
3 info using node@v0.12.0
<<<<<<< HEAD
4 verbose stack Error: ENOENT, open 'c:\Users\LEVANEX\Desktop\field-force\package.json'
4 verbose stack     at Error (native)
5 verbose cwd c:\Users\LEVANEX\Desktop\field-force
6 error Windows_NT 6.1.7601
7 error argv "c:\\Program Files\\nodejs\\node.exe" "c:\\Program Files\\nodejs\\node_modules\\npm\\bin\\npm-cli.js" "start"
8 error node v0.12.0
9 error npm  v2.5.1
10 error path c:\Users\LEVANEX\Desktop\field-force\package.json
11 error code ENOENT
12 error errno -4058
13 error enoent ENOENT, open 'c:\Users\LEVANEX\Desktop\field-force\package.json'
=======
<<<<<<< HEAD
4 verbose stack Error: ENOENT, open 'd:\Projects\BACK UP Field Force\field-force\package.json'
4 verbose stack     at Error (native)
5 verbose cwd d:\Projects\BACK UP Field Force\field-force
=======
4 verbose stack Error: ENOENT, open 'd:\Projects\field-force\package.json'
4 verbose stack     at Error (native)
5 verbose cwd d:\Projects\field-force
>>>>>>> 6307129984520ce477c715f023300e268b1e3f21
6 error Windows_NT 6.3.9600
7 error argv "c:\\Program Files\\nodejs\\node.exe" "c:\\Program Files\\nodejs\\node_modules\\npm\\bin\\npm-cli.js" "start"
8 error node v0.12.0
9 error npm  v2.5.1
<<<<<<< HEAD
10 error path d:\Projects\BACK UP Field Force\field-force\package.json
11 error code ENOENT
12 error errno -4058
13 error enoent ENOENT, open 'd:\Projects\BACK UP Field Force\field-force\package.json'
=======
10 error path d:\Projects\field-force\package.json
11 error code ENOENT
12 error errno -4058
13 error enoent ENOENT, open 'd:\Projects\field-force\package.json'
>>>>>>> 6307129984520ce477c715f023300e268b1e3f21
>>>>>>> 1f5bdb707697c857dbdc6614fdd9a29d87d870e6
13 error enoent This is most likely not a problem with npm itself
13 error enoent and is related to npm not being able to find a file.
14 verbose exit [ -4058, true ]
